<?xml version="1.0" encoding="UTF-8"?>
<!-- Generated by org.testng.reporters.JUnitReportReporter -->
<testsuite skipped="0" hostname="PCRashmi" name="com.pageFactoryDemo.loginTest.LoginTest" tests="1" failures="0" timestamp="2020-02-13T18:47:19 EST" time="42.938" errors="0">
  <testcase name="Login" time="42.938" classname="com.pageFactoryDemo.loginTest.LoginTest"/>
  <system-out/>
</testsuite> <!-- com.pageFactoryDemo.loginTest.LoginTest -->
