<?xml version="1.0" encoding="UTF-8"?>
<!-- Generated by org.testng.reporters.JUnitReportReporter -->
<testsuite skipped="0" hostname="PCRashmi" name="com.pageFactoryDemo.loginTest.GitHubStatus" tests="1" failures="0" timestamp="2020-03-07T21:24:43 EST" time="12.409" errors="0">
  <testcase name="getImpactedDay" time="12.409" classname="com.pageFactoryDemo.loginTest.GitHubStatus"/>
</testsuite> <!-- com.pageFactoryDemo.loginTest.GitHubStatus -->
